[debug] [2023-08-30T21:55:19.251Z] ----------------------------------------------------------------------
[debug] [2023-08-30T21:55:19.254Z] Command:       /usr/local/bin/node /usr/local/bin/firebase init
[debug] [2023-08-30T21:55:19.255Z] CLI Version:   12.5.2
[debug] [2023-08-30T21:55:19.255Z] Platform:      darwin
[debug] [2023-08-30T21:55:19.255Z] Node Version:  v18.12.1
[debug] [2023-08-30T21:55:19.256Z] Time:          Wed Aug 30 2023 14:55:19 GMT-0700 (Pacific Daylight Time)
[debug] [2023-08-30T21:55:19.256Z] ----------------------------------------------------------------------
[debug] 
[debug] [2023-08-30T21:55:19.263Z] > command requires scopes: ["email","openid","https://www.googleapis.com/auth/cloudplatformprojects.readonly","https://www.googleapis.com/auth/firebase","https://www.googleapis.com/auth/cloud-platform"]
[debug] [2023-08-30T21:55:19.264Z] > authorizing via signed-in user (jgurung4@horizon.csueastbay.edu)
[info] 
     ######## #### ########  ######## ########     ###     ######  ########
     ##        ##  ##     ## ##       ##     ##  ##   ##  ##       ##
     ######    ##  ########  ######   ########  #########  ######  ######
     ##        ##  ##    ##  ##       ##     ## ##     ##       ## ##
     ##       #### ##     ## ######## ########  ##     ##  ######  ########

You're about to initialize a Firebase project in this directory:

  /Users/jyoti/Desktop/React/cave

[info] 
=== Project Setup
[info] 
[info] First, let's associate this project directory with a Firebase project.
[info] You can create multiple project aliases by running firebase use --add, 
[info] but for now we'll just set up a default project.
[info] 
[debug] [2023-08-30T21:55:40.434Z] >>> [apiv2][query] GET https://firebase.googleapis.com/v1beta1/projects pageSize=100
[debug] [2023-08-30T21:55:41.414Z] <<< [apiv2][status] GET https://firebase.googleapis.com/v1beta1/projects 200
[debug] [2023-08-30T21:55:41.415Z] <<< [apiv2][body] GET https://firebase.googleapis.com/v1beta1/projects [omitted]
[info] i  Using project cave-chat (Cave Chat) 
[info] 
=== Hosting Setup
[info] 
[info] Your public directory is the folder (relative to your project directory) that
[info] will contain Hosting assets to be uploaded with firebase deploy. If you
[info] have a build process for your assets, use your build's output directory.
[info] 
[info] i  Skipping write of build/404.html 
[debug] [2023-08-30T21:56:42.823Z] >>> [apiv2][query] GET https://www.gstatic.com/firebasejs/releases.json [none]
[debug] [2023-08-30T21:56:43.038Z] <<< [apiv2][status] GET https://www.gstatic.com/firebasejs/releases.json 200
[debug] [2023-08-30T21:56:43.038Z] <<< [apiv2][body] GET https://www.gstatic.com/firebasejs/releases.json {"current":{"version":"10.3.0","browserURL":"https://www.gstatic.com/firebasejs/10.3.0/firebase.js","packageURL":"https://www.gstatic.com/firebasejs/10.3.0/firebase.tgz"},"live":{"version":"10.3","browserURL":"https://www.gstatic.com/firebasejs/live/10.3/firebase.js","packageURL":"https://www.gstatic.com/firebasejs/live/10.3/firebase.tgz"},"components":{"analytics":"https://www.gstatic.com/firebasejs/10.3.0/firebase-analytics.js","app":"https://www.gstatic.com/firebasejs/10.3.0/firebase-app.js","app-check":"https://www.gstatic.com/firebasejs/10.3.0/firebase-app-check.js","auth":"https://www.gstatic.com/firebasejs/10.3.0/firebase-auth.js","auth/cordova":"https://www.gstatic.com/firebasejs/10.3.0/firebase-auth/cordova.js","functions":"https://www.gstatic.com/firebasejs/10.3.0/firebase-functions.js","firestore":"https://www.gstatic.com/firebasejs/10.3.0/firebase-firestore.js","firestore/lite":"https://www.gstatic.com/firebasejs/10.3.0/firebase-firestore/lite.js","installations":"https://www.gstatic.com/firebasejs/10.3.0/firebase-installations.js","storage":"https://www.gstatic.com/firebasejs/10.3.0/firebase-storage.js","performance":"https://www.gstatic.com/firebasejs/10.3.0/firebase-performance.js","remote-config":"https://www.gstatic.com/firebasejs/10.3.0/firebase-remote-config.js","messaging":"https://www.gstatic.com/firebasejs/10.3.0/firebase-messaging.js","messaging/sw":"https://www.gstatic.com/firebasejs/10.3.0/firebase-messaging/sw.js","database":"https://www.gstatic.com/firebasejs/10.3.0/firebase-database.js","firestore.memory":"https://www.gstatic.com/firebasejs/10.3.0/firebase-firestore.memory.js"}}
[info] i  Skipping write of build/index.html 
[info] 
[info] i  Detected a .git folder at /Users/jyoti/Desktop/React/cave 
[info] i  Authorizing with GitHub to upload your service account to a GitHub repository's secrets store. 
[info] 
[info] Visit this URL on this device to log in:
[info] https://github.com/login/oauth/authorize?client_id=89cf50f02ac6aaed3484&state=394532254&redirect_uri=http%3A%2F%2Flocalhost%3A9005&scope=read%3Auser%20repo%20public_repo
[info] 
[info] Waiting for authentication...
[debug] [2023-08-30T21:56:54.661Z] >>> [apiv2][query] POST https://github.com/login/oauth/access_token [none]
[debug] [2023-08-30T21:56:54.661Z] >>> [apiv2][body] POST https://github.com/login/oauth/access_token [stream]
[debug] [2023-08-30T21:56:54.907Z] <<< [apiv2][status] POST https://github.com/login/oauth/access_token 200
[debug] [2023-08-30T21:56:54.907Z] <<< [apiv2][body] POST https://github.com/login/oauth/access_token {"access_token":"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","token_type":"bearer","scope":"read:user,repo"}
[debug] [2023-08-30T21:56:54.955Z] >>> [apiv2][query] GET https://api.github.com/user [none]
[debug] [2023-08-30T21:56:55.240Z] <<< [apiv2][status] GET https://api.github.com/user 200
[debug] [2023-08-30T21:56:55.240Z] <<< [apiv2][body] GET https://api.github.com/user {"login":"Extacy77","id":97703601,"node_id":"U_kgDOBdLWsQ","avatar_url":"https://avatars.githubusercontent.com/u/97703601?v=4","gravatar_id":"","url":"https://api.github.com/users/Extacy77","html_url":"https://github.com/Extacy77","followers_url":"https://api.github.com/users/Extacy77/followers","following_url":"https://api.github.com/users/Extacy77/following{/other_user}","gists_url":"https://api.github.com/users/Extacy77/gists{/gist_id}","starred_url":"https://api.github.com/users/Extacy77/starred{/owner}{/repo}","subscriptions_url":"https://api.github.com/users/Extacy77/subscriptions","organizations_url":"https://api.github.com/users/Extacy77/orgs","repos_url":"https://api.github.com/users/Extacy77/repos","events_url":"https://api.github.com/users/Extacy77/events{/privacy}","received_events_url":"https://api.github.com/users/Extacy77/received_events","type":"User","site_admin":false,"name":"Jyoti Gurung","company":null,"blog":"","location":null,"email":null,"hireable":null,"bio":null,"twitter_username":null,"public_repos":1,"public_gists":0,"followers":0,"following":0,"created_at":"2022-01-13T20:59:32Z","updated_at":"2023-08-13T12:50:16Z","private_gists":0,"total_private_repos":9,"owned_private_repos":8,"disk_usage":706,"collaborators":1,"two_factor_authentication":false,"plan":{"name":"pro","space":976562499,"collaborators":0,"private_repos":9999}}
[info] 
[info] ✔  Success! Logged into GitHub as Extacy77 
[info] 
